{
  "appName": "Visual Studio Code",
  "sessionID": "f85d2d18-9033-44b7-b60e-a6282ef730a71734174177039",
  "startTime": 1734174180274,
  "duration": 99,
  "activeTime": 12111,
  "debugTime": 0,
  "idleTime": 0,
  "details": {
    "files": {
      "/home/dunder/repos/dashboard/dashboard/app/dashboard/page.tsx": {
        "fileName": "page.tsx",
        "filePath": "/home/dunder/repos/dashboard/dashboard/app/dashboard/page.tsx",
        "isActive": true,
        "activeFileTime": 0,
        "startingLineCount": 47,
        "linesChanged": 0,
        "language": "typescriptreact"
      },
      "git/scm0/input": {
        "fileName": "input",
        "filePath": "git/scm0/input",
        "isActive": false,
        "activeFileTime": 0,
        "startingLineCount": 1,
        "linesChanged": 0,
        "language": "scminput"
      },
      "/home/dunder/repos/dashboard/dashboard/app/dashboard/page.tsx.git": {
        "fileName": "page.tsx.git",
        "filePath": "/home/dunder/repos/dashboard/dashboard/app/dashboard/page.tsx.git",
        "isActive": false,
        "activeFileTime": 0,
        "startingLineCount": 1,
        "linesChanged": 0,
        "language": "plaintext"
      },
      "page.tsx": {
        "fileName": "page.tsx",
        "filePath": "/home/dunder/repos/dashboard/dashboard/app/dashboard/page.tsx",
        "isActive": true,
        "activeFileTime": 0,
        "startingLineCount": 47,
        "linesChanged": 0,
        "language": "typescriptreact"
      },
      "/home/dunder/repos/dashboard/dashboard/.next/types/package.json": {
        "fileName": "package.json",
        "filePath": "/home/dunder/repos/dashboard/dashboard/.next/types/package.json",
        "isActive": false,
        "activeFileTime": 0,
        "startingLineCount": 1,
        "linesChanged": 0,
        "language": "json"
      },
      "/home/dunder/repos/dashboard/dashboard/.next/package.json": {
        "fileName": "package.json",
        "filePath": "/home/dunder/repos/dashboard/dashboard/.next/package.json",
        "isActive": false,
        "activeFileTime": 0,
        "startingLineCount": 1,
        "linesChanged": 0,
        "language": "json"
      },
      "/home/dunder/repos/dashboard/dashboard/package.json": {
        "fileName": "package.json",
        "filePath": "/home/dunder/repos/dashboard/dashboard/package.json",
        "isActive": false,
        "activeFileTime": 0,
        "startingLineCount": 52,
        "linesChanged": 0,
        "language": "json"
      }
    },
    "langs": {
      "typescriptreact": {
        "language": "typescriptreact",
        "activeTime": 0,
        "totalLines": 0
      },
      "scminput": {
        "language": "scminput",
        "activeTime": 0,
        "totalLines": 0
      },
      "plaintext": {
        "language": "plaintext",
        "activeTime": 0,
        "totalLines": 0
      },
      "json": {
        "language": "json",
        "activeTime": 0,
        "totalLines": 0
      }
    }
  }
}